# JRE version: OpenJDK Runtime Environment Microsoft-8035246 (17.0.8+7) (build 17.0.8+7-LTS)
# Java VM: OpenJDK 64-Bit Server VM Microsoft-8035246 (17.0.8+7-LTS, mixed mode, sharing, tiered, compressed oops, compressed class ptrs, g1 gc, windows-amd64)
GC Precious Log:
 CPUs: 6 total, 6 available
 Memory: 8028M
 Large Page Support: Disabled
 NUMA Support: Disabled
 Compressed Oops: Enabled (32-bit)
 Heap Region Size: 1M
 Heap Min Capacity: 8M
 Heap Initial Capacity: 126M
 Heap Max Capacity: 2G
 Pre-touch: Disabled
 Parallel Workers: 6
 Concurrent Workers: 2
 Concurrent Refinement Workers: 6
 Periodic GC: Disabled
Heap:
 garbage-first heap   total 290816K, used 216713K [0x0000000080000000, 0x0000000100000000)
  region size 1024K, 17 young (17408K), 3 survivors (3072K)
 Metaspace       used 103786K, committed 104960K, reserved 557056K
  class space    used 14435K, committed 14976K, reserved 425984K
GC Heap History (20 events):
Event: 50.481 GC heap before
{Heap before GC invocations=51 (full 0):
 garbage-first heap   total 290816K, used 225585K [0x0000000080000000, 0x0000000100000000)
  region size 1024K, 126 young (129024K), 4 survivors (4096K)
 Metaspace       used 88673K, committed 89472K, reserved 557056K
  class space    used 12466K, committed 12864K, reserved 425984K
}
Event: 50.490 GC heap after
{Heap after GC invocations=52 (full 0):
 garbage-first heap   total 290816K, used 106143K [0x0000000080000000, 0x0000000100000000)
  region size 1024K, 10 young (10240K), 10 survivors (10240K)
 Metaspace       used 88673K, committed 89472K, reserved 557056K
  class space    used 12466K, committed 12864K, reserved 425984K
}
Event: 64.892 GC heap before
{Heap before GC invocations=52 (full 0):
 garbage-first heap   total 290816K, used 233119K [0x0000000080000000, 0x0000000100000000)
  region size 1024K, 133 young (136192K), 10 survivors (10240K)
 Metaspace       used 93287K, committed 94272K, reserved 557056K
  class space    used 13057K, committed 13504K, reserved 425984K
}
Event: 64.911 GC heap after
{Heap after GC invocations=53 (full 0):
 garbage-first heap   total 290816K, used 131868K [0x0000000080000000, 0x0000000100000000)
  region size 1024K, 17 young (17408K), 17 survivors (17408K)
 Metaspace       used 93287K, committed 94272K, reserved 557056K
  class space    used 13057K, committed 13504K, reserved 425984K
}
Event: 66.739 GC heap before
{Heap before GC invocations=53 (full 0):
 garbage-first heap   total 290816K, used 233244K [0x0000000080000000, 0x0000000100000000)
  region size 1024K, 109 young (111616K), 17 survivors (17408K)
 Metaspace       used 94613K, committed 95680K, reserved 557056K
  class space    used 13216K, committed 13696K, reserved 425984K
}
Event: 66.758 GC heap after
{Heap after GC invocations=54 (full 0):
 garbage-first heap   total 290816K, used 162582K [0x0000000080000000, 0x0000000100000000)
  region size 1024K, 14 young (14336K), 14 survivors (14336K)
 Metaspace       used 94613K, committed 95680K, reserved 557056K
  class space    used 13216K, committed 13696K, reserved 425984K
}
Event: 67.688 GC heap before
{Heap before GC invocations=54 (full 0):
 garbage-first heap   total 290816K, used 230166K [0x0000000080000000, 0x0000000100000000)
  region size 1024K, 80 young (81920K), 14 survivors (14336K)
 Metaspace       used 99270K, committed 100480K, reserved 557056K
  class space    used 13895K, committed 14464K, reserved 425984K
}
Event: 67.700 GC heap after
{Heap after GC invocations=55 (full 0):
 garbage-first heap   total 290816K, used 169178K [0x0000000080000000, 0x0000000100000000)
  region size 1024K, 6 young (6144K), 6 survivors (6144K)
 Metaspace       used 99270K, committed 100480K, reserved 557056K
  class space    used 13895K, committed 14464K, reserved 425984K
}
Event: 68.322 GC heap before
{Heap before GC invocations=55 (full 0):
 garbage-first heap   total 290816K, used 233690K [0x0000000080000000, 0x0000000100000000)
  region size 1024K, 69 young (70656K), 6 survivors (6144K)
 Metaspace       used 101659K, committed 102784K, reserved 557056K
  class space    used 14192K, committed 14720K, reserved 425984K
}
Event: 68.332 GC heap after
{Heap after GC invocations=56 (full 0):
 garbage-first heap   total 290816K, used 175970K [0x0000000080000000, 0x0000000100000000)
  region size 1024K, 9 young (9216K), 9 survivors (9216K)
 Metaspace       used 101659K, committed 102784K, reserved 557056K
  class space    used 14192K, committed 14720K, reserved 425984K
}
Event: 68.739 GC heap before
{Heap before GC invocations=56 (full 0):
 garbage-first heap   total 290816K, used 236386K [0x0000000080000000, 0x0000000100000000)
  region size 1024K, 68 young (69632K), 9 survivors (9216K)
 Metaspace       used 101990K, committed 103168K, reserved 557056K
  class space    used 14194K, committed 14720K, reserved 425984K
}
Event: 68.750 GC heap after
{Heap after GC invocations=57 (full 0):
 garbage-first heap   total 290816K, used 182805K [0x0000000080000000, 0x0000000100000000)
  region size 1024K, 6 young (6144K), 6 survivors (6144K)
 Metaspace       used 101990K, committed 103168K, reserved 557056K
  class space    used 14194K, committed 14720K, reserved 425984K
}
Event: 69.149 GC heap before
{Heap before GC invocations=57 (full 0):
 garbage-first heap   total 290816K, used 239125K [0x0000000080000000, 0x0000000100000000)
  region size 1024K, 61 young (62464K), 6 survivors (6144K)
 Metaspace       used 103003K, committed 104192K, reserved 557056K
  class space    used 14374K, committed 14912K, reserved 425984K
}
Event: 69.158 GC heap after
{Heap after GC invocations=58 (full 0):
 garbage-first heap   total 290816K, used 188614K [0x0000000080000000, 0x0000000100000000)
  region size 1024K, 7 young (7168K), 7 survivors (7168K)
 Metaspace       used 103003K, committed 104192K, reserved 557056K
  class space    used 14374K, committed 14912K, reserved 425984K
}
Event: 69.590 GC heap before
{Heap before GC invocations=58 (full 0):
 garbage-first heap   total 290816K, used 239814K [0x0000000080000000, 0x0000000100000000)
  region size 1024K, 58 young (59392K), 7 survivors (7168K)
 Metaspace       used 103359K, committed 104576K, reserved 557056K
  class space    used 14384K, committed 14976K, reserved 425984K
}
Event: 69.596 GC heap after
{Heap after GC invocations=59 (full 0):
 garbage-first heap   total 290816K, used 190859K [0x0000000080000000, 0x0000000100000000)
  region size 1024K, 3 young (3072K), 3 survivors (3072K)
 Metaspace       used 103359K, committed 104576K, reserved 557056K
  class space    used 14384K, committed 14976K, reserved 425984K
}
Event: 70.242 GC heap before
{Heap before GC invocations=59 (full 0):
 garbage-first heap   total 290816K, used 243083K [0x0000000080000000, 0x0000000100000000)
  region size 1024K, 55 young (56320K), 3 survivors (3072K)
 Metaspace       used 103728K, committed 104896K, reserved 557056K
  class space    used 14435K, committed 14976K, reserved 425984K
}
Event: 70.247 GC heap after
{Heap after GC invocations=60 (full 0):
 garbage-first heap   total 290816K, used 196363K [0x0000000080000000, 0x0000000100000000)
  region size 1024K, 7 young (7168K), 7 survivors (7168K)
 Metaspace       used 103728K, committed 104896K, reserved 557056K
  class space    used 14435K, committed 14976K, reserved 425984K
}
Event: 70.681 GC heap before
{Heap before GC invocations=60 (full 0):
 garbage-first heap   total 290816K, used 244491K [0x0000000080000000, 0x0000000100000000)
  region size 1024K, 55 young (56320K), 7 survivors (7168K)
 Metaspace       used 103763K, committed 104960K, reserved 557056K
  class space    used 14435K, committed 14976K, reserved 425984K
}
Event: 70.687 GC heap after
{Heap after GC invocations=61 (full 0):
 garbage-first heap   total 290816K, used 199305K [0x0000000080000000, 0x0000000100000000)
  region size 1024K, 3 young (3072K), 3 survivors (3072K)
 Metaspace       used 103763K, committed 104960K, reserved 557056K
  class space    used 14435K, committed 14976K, reserved 425984K
}

