# JRE version: OpenJDK Runtime Environment Microsoft-8035246 (17.0.8+7) (build 17.0.8+7-LTS)
# Java VM: OpenJDK 64-Bit Server VM Microsoft-8035246 (17.0.8+7-LTS, mixed mode, sharing, tiered, compressed oops, compressed class ptrs, g1 gc, windows-amd64)
GC Precious Log:
 CPUs: 12 total, 12 available
 Memory: 16149M
 Large Page Support: Disabled
 NUMA Support: Disabled
 Compressed Oops: Enabled (32-bit)
 Heap Region Size: 1M
 Heap Min Capacity: 8M
 Heap Initial Capacity: 254M
 Heap Max Capacity: 2G
 Pre-touch: Disabled
 Parallel Workers: 10
 Concurrent Workers: 3
 Concurrent Refinement Workers: 10
 Periodic GC: Disabled
Heap:
 garbage-first heap   total 343040K, used 254968K [0x0000000080000000, 0x0000000100000000)
  region size 1024K, 90 young (92160K), 10 survivors (10240K)
 Metaspace       used 100009K, committed 101056K, reserved 557056K
  class space    used 14025K, committed 14528K, reserved 425984K
GC Heap History (20 events):
Event: 12.264 GC heap before
{Heap before GC invocations=29 (full 0):
 garbage-first heap   total 172032K, used 106582K [0x0000000080000000, 0x0000000100000000)
  region size 1024K, 11 young (11264K), 7 survivors (7168K)
 Metaspace       used 87760K, committed 88704K, reserved 557056K
  class space    used 12453K, committed 12864K, reserved 425984K
}
Event: 12.268 GC heap after
{Heap after GC invocations=30 (full 0):
 garbage-first heap   total 172032K, used 105541K [0x0000000080000000, 0x0000000100000000)
  region size 1024K, 2 young (2048K), 2 survivors (2048K)
 Metaspace       used 87760K, committed 88704K, reserved 557056K
  class space    used 12453K, committed 12864K, reserved 425984K
}
Event: 12.518 GC heap before
{Heap before GC invocations=31 (full 0):
 garbage-first heap   total 199680K, used 145477K [0x0000000080000000, 0x0000000100000000)
  region size 1024K, 36 young (36864K), 2 survivors (2048K)
 Metaspace       used 88293K, committed 89280K, reserved 557056K
  class space    used 12505K, committed 12928K, reserved 425984K
}
Event: 12.522 GC heap after
{Heap after GC invocations=32 (full 0):
 garbage-first heap   total 239616K, used 121077K [0x0000000080000000, 0x0000000100000000)
  region size 1024K, 5 young (5120K), 5 survivors (5120K)
 Metaspace       used 88293K, committed 89280K, reserved 557056K
  class space    used 12505K, committed 12928K, reserved 425984K
}
Event: 12.559 GC heap before
{Heap before GC invocations=32 (full 0):
 garbage-first heap   total 239616K, used 126197K [0x0000000080000000, 0x0000000100000000)
  region size 1024K, 11 young (11264K), 5 survivors (5120K)
 Metaspace       used 88323K, committed 89280K, reserved 557056K
  class space    used 12509K, committed 12928K, reserved 425984K
}
Event: 12.562 GC heap after
{Heap after GC invocations=33 (full 0):
 garbage-first heap   total 239616K, used 123754K [0x0000000080000000, 0x0000000100000000)
  region size 1024K, 2 young (2048K), 2 survivors (2048K)
 Metaspace       used 88323K, committed 89280K, reserved 557056K
  class space    used 12509K, committed 12928K, reserved 425984K
}
Event: 12.979 GC heap before
{Heap before GC invocations=33 (full 0):
 garbage-first heap   total 239616K, used 174954K [0x0000000080000000, 0x0000000100000000)
  region size 1024K, 52 young (53248K), 2 survivors (2048K)
 Metaspace       used 91114K, committed 92032K, reserved 557056K
  class space    used 12888K, committed 13312K, reserved 425984K
}
Event: 12.982 GC heap after
{Heap after GC invocations=34 (full 0):
 garbage-first heap   total 239616K, used 127865K [0x0000000080000000, 0x0000000100000000)
  region size 1024K, 7 young (7168K), 7 survivors (7168K)
 Metaspace       used 91114K, committed 92032K, reserved 557056K
  class space    used 12888K, committed 13312K, reserved 425984K
}
Event: 13.347 GC heap before
{Heap before GC invocations=35 (full 0):
 garbage-first heap   total 239616K, used 179065K [0x0000000080000000, 0x0000000100000000)
  region size 1024K, 57 young (58368K), 7 survivors (7168K)
 Metaspace       used 94917K, committed 96000K, reserved 557056K
  class space    used 13416K, committed 13888K, reserved 425984K
}
Event: 13.352 GC heap after
{Heap after GC invocations=36 (full 0):
 garbage-first heap   total 239616K, used 132664K [0x0000000080000000, 0x0000000100000000)
  region size 1024K, 5 young (5120K), 5 survivors (5120K)
 Metaspace       used 94917K, committed 96000K, reserved 557056K
  class space    used 13416K, committed 13888K, reserved 425984K
}
Event: 13.397 GC heap before
{Heap before GC invocations=36 (full 0):
 garbage-first heap   total 239616K, used 137784K [0x0000000080000000, 0x0000000100000000)
  region size 1024K, 11 young (11264K), 5 survivors (5120K)
 Metaspace       used 95312K, committed 96384K, reserved 557056K
  class space    used 13458K, committed 13952K, reserved 425984K
}
Event: 13.400 GC heap after
{Heap after GC invocations=37 (full 0):
 garbage-first heap   total 239616K, used 132985K [0x0000000080000000, 0x0000000100000000)
  region size 1024K, 1 young (1024K), 1 survivors (1024K)
 Metaspace       used 95312K, committed 96384K, reserved 557056K
  class space    used 13458K, committed 13952K, reserved 425984K
}
Event: 13.749 GC heap before
{Heap before GC invocations=37 (full 0):
 garbage-first heap   total 239616K, used 185209K [0x0000000080000000, 0x0000000100000000)
  region size 1024K, 52 young (53248K), 1 survivors (1024K)
 Metaspace       used 96868K, committed 97856K, reserved 557056K
  class space    used 13634K, committed 14080K, reserved 425984K
}
Event: 13.753 GC heap after
{Heap after GC invocations=38 (full 0):
 garbage-first heap   total 239616K, used 138410K [0x0000000080000000, 0x0000000100000000)
  region size 1024K, 7 young (7168K), 7 survivors (7168K)
 Metaspace       used 96868K, committed 97856K, reserved 557056K
  class space    used 13634K, committed 14080K, reserved 425984K
}
Event: 14.024 GC heap before
{Heap before GC invocations=38 (full 0):
 garbage-first heap   total 239616K, used 188586K [0x0000000080000000, 0x0000000100000000)
  region size 1024K, 56 young (57344K), 7 survivors (7168K)
 Metaspace       used 97648K, committed 98624K, reserved 557056K
  class space    used 13732K, committed 14208K, reserved 425984K
}
Event: 14.030 GC heap after
{Heap after GC invocations=39 (full 0):
 garbage-first heap   total 239616K, used 143655K [0x0000000080000000, 0x0000000100000000)
  region size 1024K, 6 young (6144K), 6 survivors (6144K)
 Metaspace       used 97648K, committed 98624K, reserved 557056K
  class space    used 13732K, committed 14208K, reserved 425984K
}
Event: 14.203 GC heap before
{Heap before GC invocations=39 (full 0):
 garbage-first heap   total 239616K, used 190759K [0x0000000080000000, 0x0000000100000000)
  region size 1024K, 53 young (54272K), 6 survivors (6144K)
 Metaspace       used 98386K, committed 99456K, reserved 557056K
  class space    used 13907K, committed 14400K, reserved 425984K
}
Event: 14.208 GC heap after
{Heap after GC invocations=40 (full 0):
 garbage-first heap   total 343040K, used 145911K [0x0000000080000000, 0x0000000100000000)
  region size 1024K, 3 young (3072K), 3 survivors (3072K)
 Metaspace       used 98386K, committed 99456K, reserved 557056K
  class space    used 13907K, committed 14400K, reserved 425984K
}
Event: 14.690 GC heap before
{Heap before GC invocations=40 (full 0):
 garbage-first heap   total 343040K, used 255479K [0x0000000080000000, 0x0000000100000000)
  region size 1024K, 111 young (113664K), 3 survivors (3072K)
 Metaspace       used 98903K, committed 99968K, reserved 557056K
  class space    used 13956K, committed 14464K, reserved 425984K
}
Event: 14.696 GC heap after
{Heap after GC invocations=41 (full 0):
 garbage-first heap   total 343040K, used 153592K [0x0000000080000000, 0x0000000100000000)
  region size 1024K, 10 young (10240K), 10 survivors (10240K)
 Metaspace       used 98903K, committed 99968K, reserved 557056K
  class space    used 13956K, committed 14464K, reserved 425984K
}

