# JRE version: OpenJDK Runtime Environment Microsoft-8035246 (17.0.8+7) (build 17.0.8+7-LTS)
# Java VM: OpenJDK 64-Bit Server VM Microsoft-8035246 (17.0.8+7-LTS, mixed mode, sharing, tiered, compressed oops, compressed class ptrs, g1 gc, windows-amd64)
GC Precious Log:
 CPUs: 12 total, 12 available
 Memory: 16149M
 Large Page Support: Disabled
 NUMA Support: Disabled
 Compressed Oops: Enabled (32-bit)
 Heap Region Size: 1M
 Heap Min Capacity: 8M
 Heap Initial Capacity: 254M
 Heap Max Capacity: 2G
 Pre-touch: Disabled
 Parallel Workers: 10
 Concurrent Workers: 3
 Concurrent Refinement Workers: 10
 Periodic GC: Disabled
Heap:
 garbage-first heap   total 294912K, used 232179K [0x0000000080000000, 0x0000000100000000)
  region size 1024K, 75 young (76800K), 2 survivors (2048K)
 Metaspace       used 104207K, committed 105280K, reserved 557056K
  class space    used 14588K, committed 15104K, reserved 425984K
GC Heap History (20 events):
Event: 20.023 GC heap before
{Heap before GC invocations=56 (full 0):
 garbage-first heap   total 214016K, used 136352K [0x0000000080000000, 0x0000000100000000)
  region size 1024K, 10 young (10240K), 5 survivors (5120K)
 Metaspace       used 94711K, committed 95744K, reserved 557056K
  class space    used 13293K, committed 13760K, reserved 425984K
}
Event: 20.026 GC heap after
{Heap after GC invocations=57 (full 0):
 garbage-first heap   total 214016K, used 131545K [0x0000000080000000, 0x0000000100000000)
  region size 1024K, 1 young (1024K), 1 survivors (1024K)
 Metaspace       used 94711K, committed 95744K, reserved 557056K
  class space    used 13293K, committed 13760K, reserved 425984K
}
Event: 20.314 GC heap before
{Heap before GC invocations=57 (full 0):
 garbage-first heap   total 214016K, used 162265K [0x0000000080000000, 0x0000000100000000)
  region size 1024K, 31 young (31744K), 1 survivors (1024K)
 Metaspace       used 97140K, committed 98112K, reserved 557056K
  class space    used 13686K, committed 14144K, reserved 425984K
}
Event: 20.317 GC heap after
{Heap after GC invocations=58 (full 0):
 garbage-first heap   total 214016K, used 132419K [0x0000000080000000, 0x0000000100000000)
  region size 1024K, 2 young (2048K), 2 survivors (2048K)
 Metaspace       used 97140K, committed 98112K, reserved 557056K
  class space    used 13686K, committed 14144K, reserved 425984K
}
Event: 20.747 GC heap before
{Heap before GC invocations=59 (full 0):
 garbage-first heap   total 230400K, used 164163K [0x0000000080000000, 0x0000000100000000)
  region size 1024K, 33 young (33792K), 2 survivors (2048K)
 Metaspace       used 99803K, committed 100864K, reserved 557056K
  class space    used 14005K, committed 14464K, reserved 425984K
}
Event: 20.751 GC heap after
{Heap after GC invocations=60 (full 0):
 garbage-first heap   total 230400K, used 135450K [0x0000000080000000, 0x0000000100000000)
  region size 1024K, 5 young (5120K), 5 survivors (5120K)
 Metaspace       used 99803K, committed 100864K, reserved 557056K
  class space    used 14005K, committed 14464K, reserved 425984K
}
Event: 20.823 GC heap before
{Heap before GC invocations=60 (full 0):
 garbage-first heap   total 230400K, used 141594K [0x0000000080000000, 0x0000000100000000)
  region size 1024K, 11 young (11264K), 5 survivors (5120K)
 Metaspace       used 99978K, committed 100992K, reserved 557056K
  class space    used 14030K, committed 14464K, reserved 425984K
}
Event: 20.830 GC heap after
{Heap after GC invocations=61 (full 0):
 garbage-first heap   total 230400K, used 136443K [0x0000000080000000, 0x0000000100000000)
  region size 1024K, 2 young (2048K), 2 survivors (2048K)
 Metaspace       used 99978K, committed 100992K, reserved 557056K
  class space    used 14030K, committed 14464K, reserved 425984K
}
Event: 21.191 GC heap before
{Heap before GC invocations=61 (full 0):
 garbage-first heap   total 230400K, used 176379K [0x0000000080000000, 0x0000000100000000)
  region size 1024K, 41 young (41984K), 2 survivors (2048K)
 Metaspace       used 101802K, committed 102848K, reserved 557056K
  class space    used 14259K, committed 14720K, reserved 425984K
}
Event: 21.194 GC heap after
{Heap after GC invocations=62 (full 0):
 garbage-first heap   total 230400K, used 139660K [0x0000000080000000, 0x0000000100000000)
  region size 1024K, 5 young (5120K), 5 survivors (5120K)
 Metaspace       used 101802K, committed 102848K, reserved 557056K
  class space    used 14259K, committed 14720K, reserved 425984K
}
Event: 21.586 GC heap before
{Heap before GC invocations=63 (full 0):
 garbage-first heap   total 245760K, used 179596K [0x0000000080000000, 0x0000000100000000)
  region size 1024K, 44 young (45056K), 5 survivors (5120K)
 Metaspace       used 102260K, committed 103296K, reserved 557056K
  class space    used 14290K, committed 14784K, reserved 425984K
}
Event: 21.590 GC heap after
{Heap after GC invocations=64 (full 0):
 garbage-first heap   total 245760K, used 143638K [0x0000000080000000, 0x0000000100000000)
  region size 1024K, 4 young (4096K), 4 survivors (4096K)
 Metaspace       used 102260K, committed 103296K, reserved 557056K
  class space    used 14290K, committed 14784K, reserved 425984K
}
Event: 21.660 GC heap before
{Heap before GC invocations=64 (full 0):
 garbage-first heap   total 245760K, used 151830K [0x0000000080000000, 0x0000000100000000)
  region size 1024K, 12 young (12288K), 4 survivors (4096K)
 Metaspace       used 102498K, committed 103488K, reserved 557056K
  class space    used 14323K, committed 14784K, reserved 425984K
}
Event: 21.662 GC heap after
{Heap after GC invocations=65 (full 0):
 garbage-first heap   total 245760K, used 145202K [0x0000000080000000, 0x0000000100000000)
  region size 1024K, 2 young (2048K), 2 survivors (2048K)
 Metaspace       used 102498K, committed 103488K, reserved 557056K
  class space    used 14323K, committed 14784K, reserved 425984K
}
Event: 21.957 GC heap before
{Heap before GC invocations=65 (full 0):
 garbage-first heap   total 245760K, used 193330K [0x0000000080000000, 0x0000000100000000)
  region size 1024K, 49 young (50176K), 2 survivors (2048K)
 Metaspace       used 103539K, committed 104640K, reserved 557056K
  class space    used 14533K, committed 15040K, reserved 425984K
}
Event: 21.962 GC heap after
{Heap after GC invocations=66 (full 0):
 garbage-first heap   total 294912K, used 148516K [0x0000000080000000, 0x0000000100000000)
  region size 1024K, 5 young (5120K), 5 survivors (5120K)
 Metaspace       used 103539K, committed 104640K, reserved 557056K
  class space    used 14533K, committed 15040K, reserved 425984K
}
Event: 22.519 GC heap before
{Heap before GC invocations=67 (full 0):
 garbage-first heap   total 294912K, used 224292K [0x0000000080000000, 0x0000000100000000)
  region size 1024K, 79 young (80896K), 5 survivors (5120K)
 Metaspace       used 104080K, committed 105152K, reserved 557056K
  class space    used 14585K, committed 15104K, reserved 425984K
}
Event: 22.525 GC heap after
{Heap after GC invocations=68 (full 0):
 garbage-first heap   total 294912K, used 153868K [0x0000000080000000, 0x0000000100000000)
  region size 1024K, 10 young (10240K), 10 survivors (10240K)
 Metaspace       used 104080K, committed 105152K, reserved 557056K
  class space    used 14585K, committed 15104K, reserved 425984K
}
Event: 22.602 GC heap before
{Heap before GC invocations=68 (full 0):
 garbage-first heap   total 294912K, used 156940K [0x0000000080000000, 0x0000000100000000)
  region size 1024K, 14 young (14336K), 10 survivors (10240K)
 Metaspace       used 104080K, committed 105152K, reserved 557056K
  class space    used 14585K, committed 15104K, reserved 425984K
}
Event: 22.606 GC heap after
{Heap after GC invocations=69 (full 0):
 garbage-first heap   total 294912K, used 154355K [0x0000000080000000, 0x0000000100000000)
  region size 1024K, 2 young (2048K), 2 survivors (2048K)
 Metaspace       used 104080K, committed 105152K, reserved 557056K
  class space    used 14585K, committed 15104K, reserved 425984K
}

