# JRE version: OpenJDK Runtime Environment Microsoft-8035246 (17.0.8+7) (build 17.0.8+7-LTS)
# Java VM: OpenJDK 64-Bit Server VM Microsoft-8035246 (17.0.8+7-LTS, mixed mode, sharing, tiered, compressed oops, compressed class ptrs, g1 gc, windows-amd64)
GC Precious Log:
 CPUs: 12 total, 12 available
 Memory: 16149M
 Large Page Support: Disabled
 NUMA Support: Disabled
 Compressed Oops: Enabled (32-bit)
 Heap Region Size: 1M
 Heap Min Capacity: 8M
 Heap Initial Capacity: 254M
 Heap Max Capacity: 2G
 Pre-touch: Disabled
 Parallel Workers: 10
 Concurrent Workers: 3
 Concurrent Refinement Workers: 10
 Periodic GC: Disabled
Heap:
 garbage-first heap   total 247808K, used 186384K [0x0000000080000000, 0x0000000100000000)
  region size 1024K, 21 young (21504K), 6 survivors (6144K)
 Metaspace       used 100078K, committed 101248K, reserved 557056K
  class space    used 14038K, committed 14592K, reserved 425984K
GC Heap History (20 events):
Event: 26.791 GC heap before
{Heap before GC invocations=73 (full 0):
 garbage-first heap   total 205824K, used 176765K [0x0000000080000000, 0x0000000100000000)
  region size 1024K, 23 young (23552K), 3 survivors (3072K)
 Metaspace       used 98362K, committed 99456K, reserved 557056K
  class space    used 13766K, committed 14272K, reserved 425984K
}
Event: 26.795 GC heap after
{Heap after GC invocations=74 (full 0):
 garbage-first heap   total 205824K, used 158458K [0x0000000080000000, 0x0000000100000000)
  region size 1024K, 3 young (3072K), 3 survivors (3072K)
 Metaspace       used 98362K, committed 99456K, reserved 557056K
  class space    used 13766K, committed 14272K, reserved 425984K
}
Event: 26.971 GC heap before
{Heap before GC invocations=74 (full 0):
 garbage-first heap   total 205824K, used 174842K [0x0000000080000000, 0x0000000100000000)
  region size 1024K, 20 young (20480K), 3 survivors (3072K)
 Metaspace       used 99181K, committed 100224K, reserved 557056K
  class space    used 13962K, committed 14464K, reserved 425984K
}
Event: 26.973 GC heap after
{Heap after GC invocations=75 (full 0):
 garbage-first heap   total 205824K, used 159809K [0x0000000080000000, 0x0000000100000000)
  region size 1024K, 2 young (2048K), 2 survivors (2048K)
 Metaspace       used 99181K, committed 100224K, reserved 557056K
  class space    used 13962K, committed 14464K, reserved 425984K
}
Event: 27.080 GC heap before
{Heap before GC invocations=75 (full 0):
 garbage-first heap   total 205824K, used 176193K [0x0000000080000000, 0x0000000100000000)
  region size 1024K, 19 young (19456K), 2 survivors (2048K)
 Metaspace       used 99344K, committed 100416K, reserved 557056K
  class space    used 13968K, committed 14464K, reserved 425984K
}
Event: 27.082 GC heap after
{Heap after GC invocations=76 (full 0):
 garbage-first heap   total 205824K, used 160382K [0x0000000080000000, 0x0000000100000000)
  region size 1024K, 2 young (2048K), 2 survivors (2048K)
 Metaspace       used 99344K, committed 100416K, reserved 557056K
  class space    used 13968K, committed 14464K, reserved 425984K
}
Event: 27.240 GC heap before
{Heap before GC invocations=76 (full 0):
 garbage-first heap   total 205824K, used 177790K [0x0000000080000000, 0x0000000100000000)
  region size 1024K, 20 young (20480K), 2 survivors (2048K)
 Metaspace       used 99445K, committed 100480K, reserved 557056K
  class space    used 13968K, committed 14464K, reserved 425984K
}
Event: 27.243 GC heap after
{Heap after GC invocations=77 (full 0):
 garbage-first heap   total 205824K, used 160971K [0x0000000080000000, 0x0000000100000000)
  region size 1024K, 2 young (2048K), 2 survivors (2048K)
 Metaspace       used 99445K, committed 100480K, reserved 557056K
  class space    used 13968K, committed 14464K, reserved 425984K
}
Event: 27.342 GC heap before
{Heap before GC invocations=77 (full 0):
 garbage-first heap   total 205824K, used 178379K [0x0000000080000000, 0x0000000100000000)
  region size 1024K, 19 young (19456K), 2 survivors (2048K)
 Metaspace       used 99521K, committed 100608K, reserved 557056K
  class space    used 13968K, committed 14464K, reserved 425984K
}
Event: 27.344 GC heap after
{Heap after GC invocations=78 (full 0):
 garbage-first heap   total 205824K, used 161379K [0x0000000080000000, 0x0000000100000000)
  region size 1024K, 2 young (2048K), 2 survivors (2048K)
 Metaspace       used 99521K, committed 100608K, reserved 557056K
  class space    used 13968K, committed 14464K, reserved 425984K
}
Event: 27.539 GC heap before
{Heap before GC invocations=78 (full 0):
 garbage-first heap   total 205824K, used 178787K [0x0000000080000000, 0x0000000100000000)
  region size 1024K, 20 young (20480K), 2 survivors (2048K)
 Metaspace       used 99793K, committed 100864K, reserved 557056K
  class space    used 14018K, committed 14528K, reserved 425984K
}
Event: 27.542 GC heap after
{Heap after GC invocations=79 (full 0):
 garbage-first heap   total 205824K, used 164626K [0x0000000080000000, 0x0000000100000000)
  region size 1024K, 3 young (3072K), 3 survivors (3072K)
 Metaspace       used 99793K, committed 100864K, reserved 557056K
  class space    used 14018K, committed 14528K, reserved 425984K
}
Event: 27.638 GC heap before
{Heap before GC invocations=79 (full 0):
 garbage-first heap   total 205824K, used 177938K [0x0000000080000000, 0x0000000100000000)
  region size 1024K, 17 young (17408K), 3 survivors (3072K)
 Metaspace       used 99844K, committed 100992K, reserved 557056K
  class space    used 14018K, committed 14528K, reserved 425984K
}
Event: 27.641 GC heap after
{Heap after GC invocations=80 (full 0):
 garbage-first heap   total 205824K, used 166222K [0x0000000080000000, 0x0000000100000000)
  region size 1024K, 2 young (2048K), 2 survivors (2048K)
 Metaspace       used 99844K, committed 100992K, reserved 557056K
  class space    used 14018K, committed 14528K, reserved 425984K
}
Event: 27.696 GC heap before
{Heap before GC invocations=80 (full 0):
 garbage-first heap   total 205824K, used 178510K [0x0000000080000000, 0x0000000100000000)
  region size 1024K, 14 young (14336K), 2 survivors (2048K)
 Metaspace       used 99844K, committed 100992K, reserved 557056K
  class space    used 14018K, committed 14528K, reserved 425984K
}
Event: 27.698 GC heap after
{Heap after GC invocations=81 (full 0):
 garbage-first heap   total 247808K, used 166981K [0x0000000080000000, 0x0000000100000000)
  region size 1024K, 1 young (1024K), 1 survivors (1024K)
 Metaspace       used 99844K, committed 100992K, reserved 557056K
  class space    used 14018K, committed 14528K, reserved 425984K
}
Event: 28.057 GC heap before
{Heap before GC invocations=81 (full 0):
 garbage-first heap   total 247808K, used 212037K [0x0000000080000000, 0x0000000100000000)
  region size 1024K, 46 young (47104K), 1 survivors (1024K)
 Metaspace       used 99924K, committed 101056K, reserved 557056K
  class space    used 14018K, committed 14528K, reserved 425984K
}
Event: 28.059 GC heap after
{Heap after GC invocations=82 (full 0):
 garbage-first heap   total 247808K, used 169233K [0x0000000080000000, 0x0000000100000000)
  region size 1024K, 3 young (3072K), 3 survivors (3072K)
 Metaspace       used 99924K, committed 101056K, reserved 557056K
  class space    used 14018K, committed 14528K, reserved 425984K
}
Event: 28.517 GC heap before
{Heap before GC invocations=82 (full 0):
 garbage-first heap   total 247808K, used 220433K [0x0000000080000000, 0x0000000100000000)
  region size 1024K, 46 young (47104K), 3 survivors (3072K)
 Metaspace       used 99986K, committed 101056K, reserved 557056K
  class space    used 14021K, committed 14528K, reserved 425984K
}
Event: 28.521 GC heap after
{Heap after GC invocations=83 (full 0):
 garbage-first heap   total 247808K, used 173072K [0x0000000080000000, 0x0000000100000000)
  region size 1024K, 6 young (6144K), 6 survivors (6144K)
 Metaspace       used 99986K, committed 101056K, reserved 557056K
  class space    used 14021K, committed 14528K, reserved 425984K
}

