# JRE version: OpenJDK Runtime Environment Microsoft-8035246 (17.0.8+7) (build 17.0.8+7-LTS)
# Java VM: OpenJDK 64-Bit Server VM Microsoft-8035246 (17.0.8+7-LTS, mixed mode, sharing, tiered, compressed oops, compressed class ptrs, g1 gc, windows-amd64)
GC Precious Log:
 CPUs: 12 total, 12 available
 Memory: 16149M
 Large Page Support: Disabled
 NUMA Support: Disabled
 Compressed Oops: Enabled (32-bit)
 Heap Region Size: 1M
 Heap Min Capacity: 8M
 Heap Initial Capacity: 254M
 Heap Max Capacity: 2G
 Pre-touch: Disabled
 Parallel Workers: 10
 Concurrent Workers: 3
 Concurrent Refinement Workers: 10
 Periodic GC: Disabled
Heap:
 garbage-first heap   total 358400K, used 210561K [0x0000000080000000, 0x0000000100000000)
  region size 1024K, 12 young (12288K), 11 survivors (11264K)
 Metaspace       used 110069K, committed 111488K, reserved 557056K
  class space    used 15217K, committed 15872K, reserved 425984K
GC Heap History (20 events):
Event: 29.653 GC heap before
{Heap before GC invocations=64 (full 0):
 garbage-first heap   total 254976K, used 175604K [0x0000000080000000, 0x0000000100000000)
  region size 1024K, 35 young (35840K), 5 survivors (5120K)
 Metaspace       used 98571K, committed 99584K, reserved 557056K
  class space    used 13803K, committed 14272K, reserved 425984K
}
Event: 29.656 GC heap after
{Heap after GC invocations=65 (full 0):
 garbage-first heap   total 254976K, used 147359K [0x0000000080000000, 0x0000000100000000)
  region size 1024K, 2 young (2048K), 2 survivors (2048K)
 Metaspace       used 98571K, committed 99584K, reserved 557056K
  class space    used 13803K, committed 14272K, reserved 425984K
}
Event: 29.771 GC heap before
{Heap before GC invocations=65 (full 0):
 garbage-first heap   total 254976K, used 157599K [0x0000000080000000, 0x0000000100000000)
  region size 1024K, 12 young (12288K), 2 survivors (2048K)
 Metaspace       used 99320K, committed 100416K, reserved 557056K
  class space    used 13926K, committed 14400K, reserved 425984K
}
Event: 29.774 GC heap after
{Heap after GC invocations=66 (full 0):
 garbage-first heap   total 254976K, used 147722K [0x0000000080000000, 0x0000000100000000)
  region size 1024K, 1 young (1024K), 1 survivors (1024K)
 Metaspace       used 99320K, committed 100416K, reserved 557056K
  class space    used 13926K, committed 14400K, reserved 425984K
}
Event: 30.308 GC heap before
{Heap before GC invocations=66 (full 0):
 garbage-first heap   total 254976K, used 201994K [0x0000000080000000, 0x0000000100000000)
  region size 1024K, 54 young (55296K), 1 survivors (1024K)
 Metaspace       used 102380K, committed 103488K, reserved 557056K
  class space    used 14317K, committed 14848K, reserved 425984K
}
Event: 30.312 GC heap after
{Heap after GC invocations=67 (full 0):
 garbage-first heap   total 358400K, used 151906K [0x0000000080000000, 0x0000000100000000)
  region size 1024K, 5 young (5120K), 5 survivors (5120K)
 Metaspace       used 102380K, committed 103488K, reserved 557056K
  class space    used 14317K, committed 14848K, reserved 425984K
}
Event: 31.265 GC heap before
{Heap before GC invocations=67 (full 0):
 garbage-first heap   total 358400K, used 271714K [0x0000000080000000, 0x0000000100000000)
  region size 1024K, 122 young (124928K), 5 survivors (5120K)
 Metaspace       used 104121K, committed 105280K, reserved 557056K
  class space    used 14492K, committed 15040K, reserved 425984K
}
Event: 31.274 GC heap after
{Heap after GC invocations=68 (full 0):
 garbage-first heap   total 358400K, used 164931K [0x0000000080000000, 0x0000000100000000)
  region size 1024K, 16 young (16384K), 16 survivors (16384K)
 Metaspace       used 104121K, committed 105280K, reserved 557056K
  class space    used 14492K, committed 15040K, reserved 425984K
}
Event: 31.859 GC heap before
{Heap before GC invocations=68 (full 0):
 garbage-first heap   total 358400K, used 276547K [0x0000000080000000, 0x0000000100000000)
  region size 1024K, 126 young (129024K), 16 survivors (16384K)
 Metaspace       used 105486K, committed 106688K, reserved 557056K
  class space    used 14741K, committed 15296K, reserved 425984K
}
Event: 31.870 GC heap after
{Heap after GC invocations=69 (full 0):
 garbage-first heap   total 358400K, used 173929K [0x0000000080000000, 0x0000000100000000)
  region size 1024K, 9 young (9216K), 9 survivors (9216K)
 Metaspace       used 105486K, committed 106688K, reserved 557056K
  class space    used 14741K, committed 15296K, reserved 425984K
}
Event: 32.574 GC heap before
{Heap before GC invocations=69 (full 0):
 garbage-first heap   total 358400K, used 290665K [0x0000000080000000, 0x0000000100000000)
  region size 1024K, 116 young (118784K), 9 survivors (9216K)
 Metaspace       used 105713K, committed 106880K, reserved 557056K
  class space    used 14752K, committed 15296K, reserved 425984K
}
Event: 32.582 GC heap after
{Heap after GC invocations=70 (full 0):
 garbage-first heap   total 358400K, used 181248K [0x0000000080000000, 0x0000000100000000)
  region size 1024K, 15 young (15360K), 15 survivors (15360K)
 Metaspace       used 105713K, committed 106880K, reserved 557056K
  class space    used 14752K, committed 15296K, reserved 425984K
}
Event: 33.095 GC heap before
{Heap before GC invocations=70 (full 0):
 garbage-first heap   total 358400K, used 304128K [0x0000000080000000, 0x0000000100000000)
  region size 1024K, 120 young (122880K), 15 survivors (15360K)
 Metaspace       used 105989K, committed 107200K, reserved 557056K
  class space    used 14792K, committed 15360K, reserved 425984K
}
Event: 33.106 GC heap after
{Heap after GC invocations=71 (full 0):
 garbage-first heap   total 358400K, used 188871K [0x0000000080000000, 0x0000000100000000)
  region size 1024K, 15 young (15360K), 15 survivors (15360K)
 Metaspace       used 105989K, committed 107200K, reserved 557056K
  class space    used 14792K, committed 15360K, reserved 425984K
}
Event: 33.504 GC heap before
{Heap before GC invocations=71 (full 0):
 garbage-first heap   total 358400K, used 299463K [0x0000000080000000, 0x0000000100000000)
  region size 1024K, 116 young (118784K), 15 survivors (15360K)
 Metaspace       used 106379K, committed 107712K, reserved 557056K
  class space    used 14851K, committed 15488K, reserved 425984K
}
Event: 33.513 GC heap after
{Heap after GC invocations=72 (full 0):
 garbage-first heap   total 358400K, used 195428K [0x0000000080000000, 0x0000000100000000)
  region size 1024K, 14 young (14336K), 14 survivors (14336K)
 Metaspace       used 106379K, committed 107712K, reserved 557056K
  class space    used 14851K, committed 15488K, reserved 425984K
}
Event: 33.777 GC heap before
{Heap before GC invocations=72 (full 0):
 garbage-first heap   total 358400K, used 299876K [0x0000000080000000, 0x0000000100000000)
  region size 1024K, 113 young (115712K), 14 survivors (14336K)
 Metaspace       used 106436K, committed 107776K, reserved 557056K
  class space    used 14858K, committed 15488K, reserved 425984K
}
Event: 33.784 GC heap after
{Heap after GC invocations=73 (full 0):
 garbage-first heap   total 358400K, used 200209K [0x0000000080000000, 0x0000000100000000)
  region size 1024K, 11 young (11264K), 11 survivors (11264K)
 Metaspace       used 106436K, committed 107776K, reserved 557056K
  class space    used 14858K, committed 15488K, reserved 425984K
}
Event: 1362.204 GC heap before
{Heap before GC invocations=73 (full 0):
 garbage-first heap   total 358400K, used 307729K [0x0000000080000000, 0x0000000100000000)
  region size 1024K, 108 young (110592K), 11 survivors (11264K)
 Metaspace       used 109744K, committed 111104K, reserved 557056K
  class space    used 15201K, committed 15808K, reserved 425984K
}
Event: 1362.212 GC heap after
{Heap after GC invocations=74 (full 0):
 garbage-first heap   total 358400K, used 205063K [0x0000000080000000, 0x0000000100000000)
  region size 1024K, 10 young (10240K), 10 survivors (10240K)
 Metaspace       used 109744K, committed 111104K, reserved 557056K
  class space    used 15201K, committed 15808K, reserved 425984K
}

