# JRE version: OpenJDK Runtime Environment Microsoft-8035246 (17.0.8+7) (build 17.0.8+7-LTS)
# Java VM: OpenJDK 64-Bit Server VM Microsoft-8035246 (17.0.8+7-LTS, mixed mode, sharing, tiered, compressed oops, compressed class ptrs, g1 gc, windows-amd64)
GC Precious Log:
 CPUs: 12 total, 12 available
 Memory: 16149M
 Large Page Support: Disabled
 NUMA Support: Disabled
 Compressed Oops: Enabled (32-bit)
 Heap Region Size: 1M
 Heap Min Capacity: 8M
 Heap Initial Capacity: 254M
 Heap Max Capacity: 2G
 Pre-touch: Disabled
 Parallel Workers: 10
 Concurrent Workers: 3
 Concurrent Refinement Workers: 10
 Periodic GC: Disabled
Heap:
 garbage-first heap   total 271360K, used 204806K [0x0000000080000000, 0x0000000100000000)
  region size 1024K, 20 young (20480K), 3 survivors (3072K)
 Metaspace       used 100613K, committed 101888K, reserved 557056K
  class space    used 14106K, committed 14720K, reserved 425984K
GC Heap History (20 events):
Event: 20.140 GC heap before
{Heap before GC invocations=48 (full 0):
 garbage-first heap   total 271360K, used 204152K [0x0000000080000000, 0x0000000100000000)
  region size 1024K, 108 young (110592K), 2 survivors (2048K)
 Metaspace       used 88781K, committed 89600K, reserved 557056K
  class space    used 12533K, committed 12928K, reserved 425984K
}
Event: 20.146 GC heap after
{Heap after GC invocations=49 (full 0):
 garbage-first heap   total 271360K, used 109025K [0x0000000080000000, 0x0000000100000000)
  region size 1024K, 14 young (14336K), 14 survivors (14336K)
 Metaspace       used 88781K, committed 89600K, reserved 557056K
  class space    used 12533K, committed 12928K, reserved 425984K
}
Event: 21.454 GC heap before
{Heap before GC invocations=49 (full 0):
 garbage-first heap   total 271360K, used 210401K [0x0000000080000000, 0x0000000100000000)
  region size 1024K, 108 young (110592K), 14 survivors (14336K)
 Metaspace       used 90475K, committed 91456K, reserved 557056K
  class space    used 12730K, committed 13184K, reserved 425984K
}
Event: 21.466 GC heap after
{Heap after GC invocations=50 (full 0):
 garbage-first heap   total 271360K, used 137554K [0x0000000080000000, 0x0000000100000000)
  region size 1024K, 14 young (14336K), 14 survivors (14336K)
 Metaspace       used 90475K, committed 91456K, reserved 557056K
  class space    used 12730K, committed 13184K, reserved 425984K
}
Event: 22.181 GC heap before
{Heap before GC invocations=50 (full 0):
 garbage-first heap   total 271360K, used 209234K [0x0000000080000000, 0x0000000100000000)
  region size 1024K, 83 young (84992K), 14 survivors (14336K)
 Metaspace       used 93059K, committed 94080K, reserved 557056K
  class space    used 13081K, committed 13568K, reserved 425984K
}
Event: 22.189 GC heap after
{Heap after GC invocations=51 (full 0):
 garbage-first heap   total 271360K, used 151946K [0x0000000080000000, 0x0000000100000000)
  region size 1024K, 10 young (10240K), 10 survivors (10240K)
 Metaspace       used 93059K, committed 94080K, reserved 557056K
  class space    used 13081K, committed 13568K, reserved 425984K
}
Event: 22.818 GC heap before
{Heap before GC invocations=51 (full 0):
 garbage-first heap   total 271360K, used 213386K [0x0000000080000000, 0x0000000100000000)
  region size 1024K, 70 young (71680K), 10 survivors (10240K)
 Metaspace       used 96843K, committed 97920K, reserved 557056K
  class space    used 13625K, committed 14144K, reserved 425984K
}
Event: 22.826 GC heap after
{Heap after GC invocations=52 (full 0):
 garbage-first heap   total 271360K, used 157853K [0x0000000080000000, 0x0000000100000000)
  region size 1024K, 6 young (6144K), 6 survivors (6144K)
 Metaspace       used 96843K, committed 97920K, reserved 557056K
  class space    used 13625K, committed 14144K, reserved 425984K
}
Event: 23.314 GC heap before
{Heap before GC invocations=52 (full 0):
 garbage-first heap   total 271360K, used 217245K [0x0000000080000000, 0x0000000100000000)
  region size 1024K, 64 young (65536K), 6 survivors (6144K)
 Metaspace       used 98429K, committed 99520K, reserved 557056K
  class space    used 13797K, committed 14336K, reserved 425984K
}
Event: 23.321 GC heap after
{Heap after GC invocations=53 (full 0):
 garbage-first heap   total 271360K, used 165500K [0x0000000080000000, 0x0000000100000000)
  region size 1024K, 8 young (8192K), 8 survivors (8192K)
 Metaspace       used 98429K, committed 99520K, reserved 557056K
  class space    used 13797K, committed 14336K, reserved 425984K
}
Event: 23.661 GC heap before
{Heap before GC invocations=53 (full 0):
 garbage-first heap   total 271360K, used 219772K [0x0000000080000000, 0x0000000100000000)
  region size 1024K, 61 young (62464K), 8 survivors (8192K)
 Metaspace       used 98884K, committed 100032K, reserved 557056K
  class space    used 13838K, committed 14400K, reserved 425984K
}
Event: 23.667 GC heap after
{Heap after GC invocations=54 (full 0):
 garbage-first heap   total 271360K, used 171302K [0x0000000080000000, 0x0000000100000000)
  region size 1024K, 6 young (6144K), 6 survivors (6144K)
 Metaspace       used 98884K, committed 100032K, reserved 557056K
  class space    used 13838K, committed 14400K, reserved 425984K
}
Event: 23.977 GC heap before
{Heap before GC invocations=54 (full 0):
 garbage-first heap   total 271360K, used 221478K [0x0000000080000000, 0x0000000100000000)
  region size 1024K, 55 young (56320K), 6 survivors (6144K)
 Metaspace       used 99959K, committed 101120K, reserved 557056K
  class space    used 14043K, committed 14592K, reserved 425984K
}
Event: 23.983 GC heap after
{Heap after GC invocations=55 (full 0):
 garbage-first heap   total 271360K, used 175604K [0x0000000080000000, 0x0000000100000000)
  region size 1024K, 5 young (5120K), 5 survivors (5120K)
 Metaspace       used 99959K, committed 101120K, reserved 557056K
  class space    used 14043K, committed 14592K, reserved 425984K
}
Event: 24.272 GC heap before
{Heap before GC invocations=55 (full 0):
 garbage-first heap   total 271360K, used 223732K [0x0000000080000000, 0x0000000100000000)
  region size 1024K, 52 young (53248K), 5 survivors (5120K)
 Metaspace       used 100417K, committed 101568K, reserved 557056K
  class space    used 14095K, committed 14656K, reserved 425984K
}
Event: 24.276 GC heap after
{Heap after GC invocations=56 (full 0):
 garbage-first heap   total 271360K, used 179059K [0x0000000080000000, 0x0000000100000000)
  region size 1024K, 4 young (4096K), 4 survivors (4096K)
 Metaspace       used 100417K, committed 101568K, reserved 557056K
  class space    used 14095K, committed 14656K, reserved 425984K
}
Event: 24.444 GC heap before
{Heap before GC invocations=56 (full 0):
 garbage-first heap   total 271360K, used 225139K [0x0000000080000000, 0x0000000100000000)
  region size 1024K, 50 young (51200K), 4 survivors (4096K)
 Metaspace       used 100478K, committed 101632K, reserved 557056K
  class space    used 14095K, committed 14656K, reserved 425984K
}
Event: 24.448 GC heap after
{Heap after GC invocations=57 (full 0):
 garbage-first heap   total 271360K, used 182709K [0x0000000080000000, 0x0000000100000000)
  region size 1024K, 7 young (7168K), 7 survivors (7168K)
 Metaspace       used 100478K, committed 101632K, reserved 557056K
  class space    used 14095K, committed 14656K, reserved 425984K
}
Event: 24.759 GC heap before
{Heap before GC invocations=57 (full 0):
 garbage-first heap   total 271360K, used 227765K [0x0000000080000000, 0x0000000100000000)
  region size 1024K, 52 young (53248K), 7 survivors (7168K)
 Metaspace       used 100538K, committed 101760K, reserved 557056K
  class space    used 14095K, committed 14656K, reserved 425984K
}
Event: 24.764 GC heap after
{Heap after GC invocations=58 (full 0):
 garbage-first heap   total 271360K, used 185350K [0x0000000080000000, 0x0000000100000000)
  region size 1024K, 3 young (3072K), 3 survivors (3072K)
 Metaspace       used 100538K, committed 101760K, reserved 557056K
  class space    used 14095K, committed 14656K, reserved 425984K
}

